03/07/2023 09:10:46 PM: INFO: test_loginfacebook: setUp: testcase started
03/07/2023 09:10:56 PM: INFO: test_loginfacebook: setUp: Web browser successfuly opened
03/07/2023 09:10:56 PM: INFO: test_loginfacebook: test_login_function: url entered
03/07/2023 09:11:05 PM: INFO: test_loginfacebook: test_login_function: username entered
03/07/2023 09:11:05 PM: INFO: test_loginfacebook: test_login_function: password entered
03/07/2023 09:11:05 PM: INFO: test_loginfacebook: test_login_function: clicked on login button
03/07/2023 09:11:10 PM: INFO: test_loginfacebook: tearDown: browser succcessfuly closed
03/07/2023 09:14:34 PM: INFO: test_loginfacebook: setUp: testcase started
03/07/2023 09:14:43 PM: INFO: test_loginfacebook: setUp: Web browser successfuly opened
03/07/2023 09:14:43 PM: INFO: test_loginfacebook: test_login_function: url entered
03/07/2023 09:14:47 PM: INFO: test_loginfacebook: test_login_function: username entered
03/07/2023 09:14:47 PM: INFO: test_loginfacebook: test_login_function: password entered
03/07/2023 09:14:47 PM: INFO: test_loginfacebook: test_login_function: clicked on login button
03/07/2023 09:15:03 PM: INFO: test_loginfacebook: tearDown: browser succcessfuly closed
03/07/2023 09:15:06 PM: INFO: test_loginfacebook: tearDown: UnitTest pass
03/07/2023 09:42:06 PM: INFO: test_googlesearch: PythonOrgSearch: UnitTest started
03/07/2023 09:42:16 PM: INFO: test_googlesearch: setUp: browser successfully opened
03/07/2023 09:42:16 PM: INFO: test_googlesearch: test_search_in_python_org: URL entered
03/07/2023 09:42:22 PM: INFO: test_googlesearch: test_search_in_python_org: web page successfully opened
03/07/2023 09:42:22 PM: INFO: test_googlesearch: test_search_in_python_org: pycon typed in search box
03/07/2023 09:42:23 PM: INFO: test_googlesearch: tearDown: UnitTest pass
03/07/2023 09:42:28 PM: INFO: test_googlesearch: tearDown: browser successfully closed
